<?xml version="1.0" encoding="UTF-8"?>
<testsuite xmlns:xsi="http://www.w3.org/2001/XMLSchema-instance" xsi:schemaLocation="https://maven.apache.org/surefire/maven-surefire-plugin/xsd/surefire-test-report.xsd" name="br.com.itau.transacao_financeira.application.useCase.RealizarTransacoesUCTest" time="0.05" tests="6" errors="0" skipped="0" failures="0">
  <properties>
    <property name="java.runtime.name" value="Java(TM) SE Runtime Environment"/>
    <property name="java.vm.version" value="18.0.2.1+1-1"/>
    <property name="sun.boot.library.path" value="C:\Program Files\Java\jdk-18.0.2.1\bin"/>
    <property name="maven.multiModuleProjectDirectory" value="J:/workspaces/git/case-invst-srvc/impl"/>
    <property name="java.vm.vendor" value="Oracle Corporation"/>
    <property name="java.vendor.url" value="https://java.oracle.com/"/>
    <property name="guice.disable.misplaced.annotation.check" value="true"/>
    <property name="path.separator" value=";"/>
    <property name="java.vm.name" value="Java HotSpot(TM) 64-Bit Server VM"/>
    <property name="sun.os.patch.level" value=""/>
    <property name="user.script" value=""/>
    <property name="user.country" value="BR"/>
    <property name="sun.java.launcher" value="SUN_STANDARD"/>
    <property name="java.vm.specification.name" value="Java Virtual Machine Specification"/>
    <property name="user.dir" value="J:\workspaces\git\case-invst-srvc\impl"/>
    <property name="java.vm.compressedOopsMode" value="Zero based"/>
    <property name="java.runtime.version" value="18.0.2.1+1-1"/>
    <property name="os.arch" value="amd64"/>
    <property name="java.io.tmpdir" value="C:\Users\Vitor\AppData\Local\Temp\"/>
    <property name="line.separator" value="&#10;"/>
    <property name="java.vm.specification.vendor" value="Oracle Corporation"/>
    <property name="user.variant" value=""/>
    <property name="os.name" value="Windows 10"/>
    <property name="classworlds.conf" value="J:/Maven/apache-maven-3.6.3/bin/m2.conf"/>
    <property name="sun.jnu.encoding" value="Cp1252"/>
    <property name="java.library.path" value="C:\Program Files\Java\jdk-18.0.2.1\bin;C:\Windows\Sun\Java\bin;C:\Windows\system32;C:\Windows;C:\Users\Vitor\bin;J:\Gitbin\mingw64\bin;J:\Gitbin\usr\local\bin;J:\Gitbin\usr\bin;J:\Gitbin\usr\bin;J:\Gitbin\cmd;J:\Gitbin\usr\bin;J:\ConEmu;J:\ConEmu\ConEmu;C:\Program Files\Common Files\Oracle\Java\javapath;C:\ProgramData\Oracle\Java\javapath;C:\Program Files (x86)\Intel\iCLS Client;C:\Program Files\Intel\iCLS Client;C:\Windows\system32;C:\Windows;C:\Windows\System32\Wbem;C:\Windows\System32\WindowsPowerShell\v1.0;C:\Program Files (x86)\NVIDIA Corporation\PhysX\Common;C:\Program Files (x86)\Intel\Intel(R) Management Engine Components\DAL;C:\Program Files\Intel\Intel(R) Management Engine Components\DAL;C:\Program Files (x86)\Intel\Intel(R) Management Engine Components\IPT;C:\Program Files\Intel\Intel(R) Management Engine Components\IPT;C:\Program Files (x86)\TortoiseSVN\bin;C:\Program Files\Java\jdk-18.0.2.1\bin;J:\Maven\apache-maven-3.6.3\bin;J:\forge-distribution-3.6.1.Final\bin;C:\Windows\system32;C:\Windows;C:\Windows\System32\Wbem;C:\Windows\System32\WindowsPowerShell\v1.0;C:\Windows\System32\OpenSSH;J:\curl-7.64.1-win64-mingw\bin;J:\Gitbin\cmd;C:\Program Files\Amazon\AWSSAMCLI\bin;C:\Program Files\Amazon\AWSCLIV2;C:\Program Files\Go\bin;J:\terraform\terraform_1.8.5_windows_386;C:\Program Files\dotnet;C:\Users\Vitor\AppData\Local\Microsoft\WindowsApps;C:\Users\Vitor\AppData\Local\Programs\Microsoft VS Code\bin;C:\Program Files (x86)\Brackets;C:\Users\Vitor\go\bin;C:\Users\Vitor\.dotnet\tools;J:\Gitbin\usr\bin\vendor_perl;J:\Gitbin\usr\bin\core_perl;."/>
    <property name="maven.conf" value="J:/Maven/apache-maven-3.6.3/conf"/>
    <property name="jdk.debug" value="release"/>
    <property name="java.class.version" value="62.0"/>
    <property name="java.specification.name" value="Java Platform API Specification"/>
    <property name="sun.management.compiler" value="HotSpot 64-Bit Tiered Compilers"/>
    <property name="os.version" value="10.0"/>
    <property name="library.jansi.path" value="J:/Maven/apache-maven-3.6.3/lib/jansi-native"/>
    <property name="user.home" value="C:\Users\Vitor"/>
    <property name="user.timezone" value="America/Sao_Paulo"/>
    <property name="file.encoding" value="UTF-8"/>
    <property name="java.specification.version" value="18"/>
    <property name="user.name" value="Vitor"/>
    <property name="java.class.path" value="J:/Maven/apache-maven-3.6.3/boot/plexus-classworlds-2.6.0.jar"/>
    <property name="java.vm.specification.version" value="18"/>
    <property name="sun.arch.data.model" value="64"/>
    <property name="sun.java.command" value="org.codehaus.plexus.classworlds.launcher.Launcher clean install"/>
    <property name="java.home" value="C:\Program Files\Java\jdk-18.0.2.1"/>
    <property name="user.language" value="pt"/>
    <property name="java.specification.vendor" value="Oracle Corporation"/>
    <property name="java.vm.info" value="mixed mode, sharing"/>
    <property name="java.version" value="18.0.2.1"/>
    <property name="native.encoding" value="Cp1252"/>
    <property name="java.vendor" value="Oracle Corporation"/>
    <property name="maven.home" value="J:\Maven\apache-maven-3.6.3"/>
    <property name="file.separator" value="\"/>
    <property name="java.version.date" value="2022-08-18"/>
    <property name="java.vendor.url.bug" value="https://bugreport.java.com/bugreport/"/>
    <property name="sun.io.unicode.encoding" value="UnicodeLittle"/>
    <property name="sun.cpu.endian" value="little"/>
    <property name="sun.cpu.isalist" value="amd64"/>
  </properties>
  <testcase name="testErroOrigemInexistente" classname="br.com.itau.transacao_financeira.application.useCase.RealizarTransacoesUCTest" time="0.03"/>
  <testcase name="testErroDestinoInexistente" classname="br.com.itau.transacao_financeira.application.useCase.RealizarTransacoesUCTest" time="0.002"/>
  <testcase name="testErro" classname="br.com.itau.transacao_financeira.application.useCase.RealizarTransacoesUCTest" time="0.004"/>
  <testcase name="testListaNula" classname="br.com.itau.transacao_financeira.application.useCase.RealizarTransacoesUCTest" time="0.002"/>
  <testcase name="testListaVazia" classname="br.com.itau.transacao_financeira.application.useCase.RealizarTransacoesUCTest" time="0.001"/>
  <testcase name="testSucesso" classname="br.com.itau.transacao_financeira.application.useCase.RealizarTransacoesUCTest" time="0.004"/>
</testsuite>